<?xml version="1.0" encoding="UTF-8"?>
<!-- Generated by org.testng.reporters.JUnitReportReporter -->
<testsuite hostname="VJ-PC" name="sliders_dropdowns.SliderMove" tests="1" failures="0" timestamp="26 Jun 2016 17:04:55 GMT" time="24.991" errors="0">
  <testcase name="slider_move" time="24.991" classname="sliders_dropdowns.SliderMove"/>
</testsuite> <!-- sliders_dropdowns.SliderMove -->
